<?xml version="1.0" encoding="UTF-8"?>
<!-- Generated by org.testng.reporters.JUnitXMLReporter -->
<testsuite hostname="Patels-MacBook-Pro.local" ignored="0" name="Test3" tests="1" failures="1" timestamp="2021-09-12T09:47:22 CDT" time="19.305" errors="0">
  <testcase name="logintest" time="12.257" classname="com.NopCommerce.TestCase.TC_LoginTest_001">
    <failure type="java.lang.AssertionError" message="expected [true] but found [false]">
      <![CDATA[java.lang.AssertionError: expected [true] but found [false]
at com.NopCommerce.TestCase.TC_LoginTest_001.logintest(TC_LoginTest_001.java:36)
at java.util.ArrayList.forEach(ArrayList.java:1259)
... Removed 31 stack frames]]>
    </failure>
  </testcase> <!-- logintest -->
</testsuite> <!-- Test3 -->
