<?xml version="1.0" encoding="UTF-8"?>
<!-- Generated by org.testng.reporters.JUnitXMLReporter -->
<testsuite ignored="0" hostname="Patels-MacBook-Pro.local" failures="3" tests="4" name="Test1" time="39.889" errors="0" timestamp="2021-09-15T12:21:07 CDT">
  <testcase classname="com.NopCommerce.TestCase.TC_LoginTestDDT_002" name="loginTest" time="7.768">
    <failure type="java.lang.AssertionError" message="expected [true] but found [false]">
      <![CDATA[java.lang.AssertionError: expected [true] but found [false]
at com.NopCommerce.TestCase.TC_LoginTestDDT_002.loginTest(TC_LoginTestDDT_002.java:43)
at java.base/java.util.ArrayList.forEach(ArrayList.java:1511)
... Removed 31 stack frames]]>
    </failure>
  </testcase> <!-- loginTest -->
  <testcase classname="com.NopCommerce.TestCase.TC_LoginTestDDT_002" name="loginTest" time="9.549"/>
  <testcase classname="com.NopCommerce.TestCase.TC_LoginTestDDT_002" name="loginTest" time="6.947">
    <failure type="java.lang.AssertionError" message="expected [true] but found [false]">
      <![CDATA[java.lang.AssertionError: expected [true] but found [false]
at com.NopCommerce.TestCase.TC_LoginTestDDT_002.loginTest(TC_LoginTestDDT_002.java:43)
at java.base/java.util.ArrayList.forEach(ArrayList.java:1511)
... Removed 31 stack frames]]>
    </failure>
  </testcase> <!-- loginTest -->
  <testcase classname="com.NopCommerce.TestCase.TC_LoginTestDDT_002" name="loginTest" time="6.775">
    <failure type="java.lang.AssertionError" message="expected [true] but found [false]">
      <![CDATA[java.lang.AssertionError: expected [true] but found [false]
at com.NopCommerce.TestCase.TC_LoginTestDDT_002.loginTest(TC_LoginTestDDT_002.java:43)
at java.base/java.util.ArrayList.forEach(ArrayList.java:1511)
... Removed 31 stack frames]]>
    </failure>
  </testcase> <!-- loginTest -->
</testsuite> <!-- Test1 -->
